pid=31308 tid=31456 2024-12-09 15:09:18.248 ALARM log4z.dll logger "-----------------  log4z thread started!   ----------------------------" LogerManager::run (log4z.cpp):1424
pid=31308 tid=31456 2024-12-09 15:09:18.248 ALARM log4z.dll logger " name=demo path=./log/ level=2 display=0" LogerManager::run (log4z.cpp):1432
pid=31308 tid=31312 2024-12-09 15:09:19.061 WARN  demo.exe soui4 "warning!!! create iectrl failed bacause of host is translucent!" SOUI::SIECtrl::OnCreate (SIECtrl.cpp):128
pid=31308 tid=31312 2024-12-09 15:09:19.142 INFO  scriptmodule-lua.dll luascript "on_init" slog (exp_global.h):96
pid=31308 tid=31312 2024-12-09 15:09:19.148 INFO  demo.exe maindlg "OnInitDialog" CMainDlg::OnInitDialog (MainDlg.cpp):290
pid=31308 tid=31312 2024-12-09 15:12:05.741 INFO  scriptmodule-lua.dll luascript "execute script function: on_exit" slog (exp_global.h):96
pid=27272 tid=948 2024-12-09 15:12:08.044 ALARM log4z.dll logger "-----------------  log4z thread started!   ----------------------------" LogerManager::run (log4z.cpp):1424
pid=27272 tid=948 2024-12-09 15:12:08.044 ALARM log4z.dll logger " name=demo path=./log/ level=2 display=0" LogerManager::run (log4z.cpp):1432
pid=27272 tid=22676 2024-12-09 15:12:08.882 WARN  demo.exe soui4 "warning!!! create iectrl failed bacause of host is translucent!" SOUI::SIECtrl::OnCreate (SIECtrl.cpp):128
pid=27272 tid=22676 2024-12-09 15:12:08.998 INFO  scriptmodule-lua.dll luascript "on_init" slog (exp_global.h):96
pid=27272 tid=22676 2024-12-09 15:12:09.005 INFO  demo.exe maindlg "OnInitDialog" CMainDlg::OnInitDialog (MainDlg.cpp):290
pid=27272 tid=22676 2024-12-09 15:12:15.396 WARN  soui4.dll soui4 "resId is empty" SOUI::SHostWnd::OnLoadLayoutFromResourceID (shostwnd.cpp):812
pid=27272 tid=22676 2024-12-09 15:12:15.396 WARN  soui4.dll soui4 "OnLoadLayoutFromResourceID return FALSE" SOUI::SHostWnd::CreateEx (shostwnd.cpp):367
pid=27272 tid=22676 2024-12-09 15:12:47.223 INFO  soui4.dll soui4 "set slider pos=4" SOUI::SSliderBar::OnMouseMove (SSliderBar.cpp):232
pid=27272 tid=22676 2024-12-09 15:12:47.239 INFO  soui4.dll soui4 "set slider pos=5" SOUI::SSliderBar::OnMouseMove (SSliderBar.cpp):232
pid=27272 tid=22676 2024-12-09 15:12:47.248 INFO  soui4.dll soui4 "set slider pos=6" SOUI::SSliderBar::OnMouseMove (SSliderBar.cpp):232
pid=27272 tid=22676 2024-12-09 15:12:47.257 INFO  soui4.dll soui4 "set slider pos=7" SOUI::SSliderBar::OnMouseMove (SSliderBar.cpp):232
pid=27272 tid=22676 2024-12-09 15:12:47.264 INFO  soui4.dll soui4 "set slider pos=8" SOUI::SSliderBar::OnMouseMove (SSliderBar.cpp):232
pid=27272 tid=22676 2024-12-09 15:12:47.272 INFO  soui4.dll soui4 "set slider pos=10" SOUI::SSliderBar::OnMouseMove (SSliderBar.cpp):232
pid=27272 tid=22676 2024-12-09 15:12:47.280 INFO  soui4.dll soui4 "set slider pos=11" SOUI::SSliderBar::OnMouseMove (SSliderBar.cpp):232
pid=27272 tid=22676 2024-12-09 15:12:47.288 INFO  soui4.dll soui4 "set slider pos=13" SOUI::SSliderBar::OnMouseMove (SSliderBar.cpp):232
pid=27272 tid=22676 2024-12-09 15:12:47.298 INFO  soui4.dll soui4 "set slider pos=15" SOUI::SSliderBar::OnMouseMove (SSliderBar.cpp):232
pid=27272 tid=22676 2024-12-09 15:12:47.307 INFO  soui4.dll soui4 "set slider pos=16" SOUI::SSliderBar::OnMouseMove (SSliderBar.cpp):232
pid=27272 tid=22676 2024-12-09 15:12:47.315 INFO  soui4.dll soui4 "set slider pos=17" SOUI::SSliderBar::OnMouseMove (SSliderBar.cpp):232
pid=27272 tid=22676 2024-12-09 15:12:47.323 INFO  soui4.dll soui4 "set slider pos=19" SOUI::SSliderBar::OnMouseMove (SSliderBar.cpp):232
pid=27272 tid=22676 2024-12-09 15:12:47.331 INFO  soui4.dll soui4 "set slider pos=20" SOUI::SSliderBar::OnMouseMove (SSliderBar.cpp):232
pid=27272 tid=22676 2024-12-09 15:12:47.339 INFO  soui4.dll soui4 "set slider pos=21" SOUI::SSliderBar::OnMouseMove (SSliderBar.cpp):232
pid=27272 tid=22676 2024-12-09 15:12:47.348 INFO  soui4.dll soui4 "set slider pos=22" SOUI::SSliderBar::OnMouseMove (SSliderBar.cpp):232
pid=27272 tid=22676 2024-12-09 15:12:47.359 INFO  soui4.dll soui4 "set slider pos=23" SOUI::SSliderBar::OnMouseMove (SSliderBar.cpp):232
pid=27272 tid=22676 2024-12-09 15:35:43.769 INFO  scriptmodule-lua.dll luascript "execute script function: on_exit" slog (exp_global.h):96
